<?xml version="1.0" encoding="UTF-8"?>
<!-- Generated by org.testng.reporters.JUnitXMLReporter -->
<testsuite ignored="0" hostname="DESKTOP-RGULHIU" failures="0" tests="5" name="Default test" time="424.811" errors="0" timestamp="2024-08-10T19:06:02 EET">
  <testcase classname="testcases.testFiltering" name="addToCart" time="22.426"/>
  <testcase classname="testcases.CheckOutTest" name="addToCart" time="42.711"/>
  <testcase classname="testcases.SearchProductTest" name="searchProduct" time="0.807"/>
  <testcase classname="testcases.VerifyCartTest" name="verifyCart" time="18.675"/>
  <testcase classname="testcases.AddToCartTest" name="addToCart" time="90.678"/>
</testsuite> <!-- Default test -->
